[    0.000000] Initializing cgroup subsys cpuset
[    0.000000] Initializing cgroup subsys cpu
[    0.000000] Initializing cgroup subsys cpuacct
[    0.000000] Linux version 4.4.0-210-generic (buildd@lgw01-amd64-009) (gcc version 5.4.0 20160609 (Ubuntu 5.4.0-6ubuntu1~16.04.12) ) #242-Ubuntu SMP Fri Apr 16 09:57:56 UTC 2021 (Ubuntu 4.4.0-210.242-generic 4.4.262)
[    0.000000] Command line: BOOT_IMAGE=/boot/vmlinuz-4.4.0-210-generic root=LABEL=cloudimg-rootfs ro console=tty1 console=ttyS0
[    0.000000] KERNEL supported cpus:
[    0.000000]   Intel GenuineIntel
[    0.000000]   AMD AuthenticAMD
[    0.000000]   Centaur CentaurHauls
[    0.000000] [Firmware Bug]: TSC doesn't count with P0 frequency!
[    0.000000] x86/fpu: xstate_offset[2]:  576, xstate_sizes[2]:  256
[    0.000000] x86/fpu: Supporting XSAVE feature 0x01: 'x87 floating point registers'
[    0.000000] x86/fpu: Supporting XSAVE feature 0x02: 'SSE registers'
[    0.000000] x86/fpu: Supporting XSAVE feature 0x04: 'AVX registers'
[    0.000000] x86/fpu: Enabled xstate features 0x7, context size is 832 bytes, using 'standard' format.
[    0.000000] e820: BIOS-provided physical RAM map:
[    0.000000] BIOS-e820: [mem 0x0000000000000000-0x000000000009fbff] usable
[    0.000000] BIOS-e820: [mem 0x000000000009fc00-0x000000000009ffff] reserved
[    0.000000] BIOS-e820: [mem 0x00000000000f0000-0x00000000000fffff] reserved
[    0.000000] BIOS-e820: [mem 0x0000000000100000-0x000000003ffeffff] usable
[    0.000000] BIOS-e820: [mem 0x000000003fff0000-0x000000003fffffff] ACPI data
[    0.000000] BIOS-e820: [mem 0x00000000fec00000-0x00000000fec00fff] reserved
[    0.000000] BIOS-e820: [mem 0x00000000fee00000-0x00000000fee00fff] reserved
[    0.000000] BIOS-e820: [mem 0x00000000fffc0000-0x00000000ffffffff] reserved
[    0.000000] NX (Execute Disable) protection: active
[    0.000000] SMBIOS 2.5 present.
[    0.000000] Hypervisor detected: KVM
[    0.000000] Kernel/User page tables isolation: disabled
[    0.000000] e820: last_pfn = 0x3fff0 max_arch_pfn = 0x400000000
[    0.000000] MTRR: Disabled
[    0.000000] x86/PAT: MTRRs disabled, skipping PAT initialization too.
[    0.000000] CPU MTRRs all blank - virtualized system.
[    0.000000] x86/PAT: Configuration [0-7]: WB  WT  UC- UC  WB  WT  UC- UC  
[    0.000000] found SMP MP-table at [mem 0x0009fff0-0x0009ffff] mapped at [ffff88000009fff0]
[    0.000000] Scanning 1 areas for low memory corruption
[    0.000000] RAMDISK: [mem 0x362dc000-0x37165fff]
[    0.000000] ACPI: Early table checksum verification disabled
[    0.000000] ACPI: RSDP 0x00000000000E0000 000024 (v02 VBOX  )
[    0.000000] ACPI: XSDT 0x000000003FFF0030 00003C (v01 VBOX   VBOXXSDT 00000001 ASL  00000061)
[    0.000000] ACPI: FACP 0x000000003FFF00F0 0000F4 (v04 VBOX   VBOXFACP 00000001 ASL  00000061)
[    0.000000] ACPI: DSDT 0x000000003FFF0610 002353 (v02 VBOX   VBOXBIOS 00000002 INTL 20100528)
[    0.000000] ACPI: FACS 0x000000003FFF0200 000040
[    0.000000] ACPI: FACS 0x000000003FFF0200 000040
[    0.000000] ACPI: APIC 0x000000003FFF0240 00005C (v02 VBOX   VBOXAPIC 00000001 ASL  00000061)
[    0.000000] ACPI: SSDT 0x000000003FFF02A0 00036C (v01 VBOX   VBOXCPUT 00000002 INTL 20100528)
[    0.000000] No NUMA configuration found
[    0.000000] Faking a node at [mem 0x0000000000000000-0x000000003ffeffff]
[    0.000000] NODE_DATA(0) allocated [mem 0x3ffeb000-0x3ffeffff]
[    0.000000] kvm-clock: Using msrs 4b564d01 and 4b564d00
[    0.000000] kvm-clock: cpu 0, msr 0:3ffe3001, primary cpu clock
[    0.000000] kvm-clock: using sched offset of 2869472723 cycles
[    0.000000] clocksource: kvm-clock: mask: 0xffffffffffffffff max_cycles: 0x1cd42e4dffb, max_idle_ns: 881590591483 ns
[    0.000000] Zone ranges:
[    0.000000]   DMA      [mem 0x0000000000001000-0x0000000000ffffff]
[    0.000000]   DMA32    [mem 0x0000000001000000-0x000000003ffeffff]
[    0.000000]   Normal   empty
[    0.000000]   Device   empty
[    0.000000] Movable zone start for each node
[    0.000000] Early memory node ranges
[    0.000000]   node   0: [mem 0x0000000000001000-0x000000000009efff]
[    0.000000]   node   0: [mem 0x0000000000100000-0x000000003ffeffff]
[    0.000000] Initmem setup node 0 [mem 0x0000000000001000-0x000000003ffeffff]
[    0.000000] ACPI: PM-Timer IO Port: 0x4008
[    0.000000] IOAPIC[0]: apic_id 2, version 32, address 0xfec00000, GSI 0-23
[    0.000000] ACPI: INT_SRC_OVR (bus 0 bus_irq 0 global_irq 2 dfl dfl)
[    0.000000] ACPI: INT_SRC_OVR (bus 0 bus_irq 9 global_irq 9 low level)
[    0.000000] Using ACPI (MADT) for SMP configuration information
[    0.000000] smpboot: Allowing 2 CPUs, 0 hotplug CPUs
[    0.000000] PM: Registered nosave memory: [mem 0x00000000-0x00000fff]
[    0.000000] PM: Registered nosave memory: [mem 0x0009f000-0x0009ffff]
[    0.000000] PM: Registered nosave memory: [mem 0x000a0000-0x000effff]
[    0.000000] PM: Registered nosave memory: [mem 0x000f0000-0x000fffff]
[    0.000000] e820: [mem 0x40000000-0xfebfffff] available for PCI devices
[    0.000000] Booting paravirtualized kernel on KVM
[    0.000000] clocksource: refined-jiffies: mask: 0xffffffff max_cycles: 0xffffffff, max_idle_ns: 7645519600211568 ns
[    0.000000] setup_percpu: NR_CPUS:512 nr_cpumask_bits:512 nr_cpu_ids:2 nr_node_ids:1
[    0.000000] PERCPU: Embedded 33 pages/cpu @ffff88003fc00000 s95192 r8192 d31784 u1048576
[    0.000000] Built 1 zonelists in Node order, mobility grouping on.  Total pages: 257912
[    0.000000] Policy zone: DMA32
[    0.000000] Kernel command line: BOOT_IMAGE=/boot/vmlinuz-4.4.0-210-generic root=LABEL=cloudimg-rootfs ro console=tty1 console=ttyS0
[    0.000000] PID hash table entries: 4096 (order: 3, 32768 bytes)
[    0.000000] Memory: 997792K/1048120K available (8644K kernel code, 1332K rwdata, 4044K rodata, 1492K init, 1164K bss, 50328K reserved, 0K cma-reserved)
[    0.000000] SLUB: HWalign=64, Order=0-3, MinObjects=0, CPUs=2, Nodes=1
[    0.000000] Hierarchical RCU implementation.
[    0.000000] 	Build-time adjustment of leaf fanout to 64.
[    0.000000] 	RCU restricting CPUs from NR_CPUS=512 to nr_cpu_ids=2.
[    0.000000] RCU: Adjusting geometry for rcu_fanout_leaf=64, nr_cpu_ids=2
[    0.000000] NR_IRQS:33024 nr_irqs:440 16
[    0.000000] Console: colour VGA+ 80x25
[    0.000000] console [tty1] enabled
[    0.000000] console [ttyS0] enabled
[    0.000000] tsc: Detected 1996.248 MHz processor
[    0.089385] Calibrating delay loop (skipped) preset value.. 3992.49 BogoMIPS (lpj=7984992)
[    0.090473] pid_max: default: 32768 minimum: 301
[    0.091061] ACPI: Core revision 20150930
[    0.092221] ACPI: 2 ACPI AML tables successfully acquired and loaded
[    0.093058] Security Framework initialized
[    0.093582] Yama: becoming mindful.
[    0.094058] AppArmor: AppArmor initialized
[    0.094632] Dentry cache hash table entries: 131072 (order: 8, 1048576 bytes)
[    0.095503] Inode-cache hash table entries: 65536 (order: 7, 524288 bytes)
[    0.096829] Mount-cache hash table entries: 2048 (order: 2, 16384 bytes)
[    0.097585] Mountpoint-cache hash table entries: 2048 (order: 2, 16384 bytes)
[    0.098482] Initializing cgroup subsys io
[    0.099004] Initializing cgroup subsys memory
[    0.099552] Initializing cgroup subsys devices
[    0.100111] Initializing cgroup subsys freezer
[    0.100667] Initializing cgroup subsys net_cls
[    0.101220] Initializing cgroup subsys perf_event
[    0.101790] Initializing cgroup subsys net_prio
[    0.102368] Initializing cgroup subsys hugetlb
[    0.102927] Initializing cgroup subsys pids
[    0.103652] mce: CPU supports 0 MCE banks
[    0.104184] Last level iTLB entries: 4KB 512, 2MB 512, 4MB 256
[    0.104867] Last level dTLB entries: 4KB 2048, 2MB 2048, 4MB 1024, 1GB 0
[    0.105611] Spectre V1 : Mitigation: usercopy/swapgs barriers and __user pointer sanitization
[    0.106655] Spectre V2 : Spectre mitigation: LFENCE not serializing, switching to generic retpoline
[    0.107737] Spectre V2 : Mitigation: Full generic retpoline
[    0.108402] Spectre V2 : Spectre v2 / SpectreRSB mitigation: Filling RSB on context switch
[    0.111072] Freeing SMP alternatives memory: 36K
[    0.115613] ftrace: allocating 32380 entries in 127 pages
[    0.151949] smpboot: APIC(0) Converting physical 0 to logical package 0
[    0.152792] smpboot: Max logical packages: 1
[    0.153666] x2apic enabled
[    0.154290] Switched APIC routing to physical x2apic.
[    0.155803] ..TIMER: vector=0x30 apic1=0 pin1=2 apic2=-1 pin2=-1
[    0.264560] APIC calibration not consistent with PM-Timer: 107ms instead of 100ms
[    0.265573] APIC delta adjusted to PM-Timer: 6458489 (6959845)
[    0.266321] smpboot: CPU0: AMD Ryzen 7 5825U with Radeon Graphics (family: 0x19, model: 0x50, stepping: 0x0)
[    0.267653] Performance Events: Broken PMU hardware detected, using software events only.
[    0.268753] Failed to access perfctr msr (MSR c0010007 is 0)
[    0.273901] KVM setup paravirtual spinlock
[    0.275448] x86: Booting SMP configuration:
[    0.275994] .... node  #0, CPUs:      #1
[    0.276651] kvm-clock: cpu 1, msr 0:3ffe3041, secondary cpu clock
[    0.277336] mce: CPU supports 0 MCE banks
[    0.279665] x86: Booted up 1 node, 2 CPUs
[    0.280333] smpboot: Total of 2 processors activated (7984.99 BogoMIPS)
[    0.281380] devtmpfs: initialized
[    0.282751] evm: security.selinux
[    0.283222] evm: security.SMACK64
[    0.283661] evm: security.SMACK64EXEC
[    0.284150] evm: security.SMACK64TRANSMUTE
[    0.284696] evm: security.SMACK64MMAP
[    0.285188] evm: security.ima
[    0.285612] evm: security.capability
[    0.286822] clocksource: jiffies: mask: 0xffffffff max_cycles: 0xffffffff, max_idle_ns: 7645041785100000 ns
[    0.288082] futex hash table entries: 512 (order: 3, 32768 bytes)
[    0.288881] pinctrl core: initialized pinctrl subsystem
[    0.289631] RTC time: 11:15:48, date: 05/20/24
[    0.290292] NET: Registered protocol family 16
[    0.300451] cpuidle: using governor ladder
[    0.311613] cpuidle: using governor menu
[    0.312508] PCCT header not found.
[    0.313292] ACPI: bus type PCI registered
[    0.313918] acpiphp: ACPI Hot Plug PCI Controller Driver version: 0.5
[    0.314868] PCI: Using configuration type 1 for base access
[    0.315682] PCI: Using configuration type 1 for extended access
[    0.328978] ACPI: Added _OSI(Module Device)
[    0.329778] ACPI: Added _OSI(Processor Device)
[    0.330473] ACPI: Added _OSI(3.0 _SCP Extensions)
[    0.331177] ACPI: Added _OSI(Processor Aggregator Device)
[    0.332385] ACPI: Executed 1 blocks of module-level executable AML code
[    0.334604] ACPI: Interpreter enabled
[    0.335347] ACPI: (supports S0 S5)
[    0.335913] ACPI: Using IOAPIC for interrupt routing
[    0.336751] PCI: Using host bridge windows from ACPI; if necessary, use "pci=nocrs" and report a bug
[    0.340335] ACPI: PCI Root Bridge [PCI0] (domain 0000 [bus 00-ff])
[    0.341203] acpi PNP0A03:00: _OSC: OS supports [ExtendedConfig ASPM ClockPM Segments MSI]
[    0.342798] acpi PNP0A03:00: _OSC: platform does not support [PCIeCapability]
[    0.343879] acpi PNP0A03:00: _OSC: not requesting control; platform does not support [PCIeCapability]
[    0.345047] acpi PNP0A03:00: _OSC: OS requested [PCIeHotplug PME AER PCIeCapability]
[    0.346032] acpi PNP0A03:00: _OSC: platform willing to grant [PCIeHotplug PME AER]
[    0.347006] acpi PNP0A03:00: _OSC failed (AE_SUPPORT); disabling ASPM
[    0.347934] PCI host bridge to bus 0000:00
[    0.354402] pci_bus 0000:00: root bus resource [io  0x0000-0x0cf7 window]
[    0.355167] pci_bus 0000:00: root bus resource [io  0x0d00-0xffff window]
[    0.355937] pci_bus 0000:00: root bus resource [mem 0x000a0000-0x000bffff window]
[    0.356889] pci_bus 0000:00: root bus resource [mem 0x40000000-0xfdffffff window]
[    0.357849] pci_bus 0000:00: root bus resource [bus 00-ff]
[    0.359634] pci 0000:00:01.1: legacy IDE quirk: reg 0x10: [io  0x01f0-0x01f7]
[    0.360444] pci 0000:00:01.1: legacy IDE quirk: reg 0x14: [io  0x03f6]
[    0.361195] pci 0000:00:01.1: legacy IDE quirk: reg 0x18: [io  0x0170-0x0177]
[    0.361995] pci 0000:00:01.1: legacy IDE quirk: reg 0x1c: [io  0x0376]
[    0.371229] pci 0000:00:07.0: quirk: [io  0x4000-0x403f] claimed by PIIX4 ACPI
[    0.372210] pci 0000:00:07.0: quirk: [io  0x4100-0x410f] claimed by PIIX4 SMB
[    0.375627] ACPI: PCI Interrupt Link [LNKA] (IRQs 5 9 10 *11)
[    0.376649] ACPI: PCI Interrupt Link [LNKB] (IRQs 5 9 *10 11)
[    0.377696] ACPI: PCI Interrupt Link [LNKC] (IRQs 5 *9 10 11)
[    0.378688] ACPI: PCI Interrupt Link [LNKD] (IRQs 5 9 10 *11)
[    0.379684] ACPI: Enabled 2 GPEs in block 00 to 07
[    0.380530] vgaarb: setting as boot device: PCI:0000:00:02.0
[    0.381207] vgaarb: device added: PCI:0000:00:02.0,decodes=io+mem,owns=io+mem,locks=none
[    0.382222] vgaarb: loaded
[    0.382661] vgaarb: bridge control possible 0000:00:02.0
[    0.383479] SCSI subsystem initialized
[    0.384069] ACPI: bus type USB registered
[    0.384639] usbcore: registered new interface driver usbfs
[    0.385310] usbcore: registered new interface driver hub
[    0.385951] usbcore: registered new device driver usb
[    0.386765] PCI: Using ACPI for IRQ routing
[    0.387633] NetLabel: Initializing
[    0.388106] NetLabel:  domain hash size = 128
[    0.388728] NetLabel:  protocols = UNLABELED CIPSOv4
[    0.389445] NetLabel:  unlabeled traffic allowed by default
[    0.390230] amd_nb: Cannot enumerate AMD northbridges
[    0.391052] clocksource: Switched to clocksource kvm-clock
[    0.396345] AppArmor: AppArmor Filesystem Enabled
[    0.396978] pnp: PnP ACPI init
[    0.397889] pnp: PnP ACPI: found 3 devices
[    0.405177] clocksource: acpi_pm: mask: 0xffffff max_cycles: 0xffffff, max_idle_ns: 2085701024 ns
[    0.406282] NET: Registered protocol family 2
[    0.406923] TCP established hash table entries: 8192 (order: 4, 65536 bytes)
[    0.407756] TCP bind hash table entries: 8192 (order: 5, 131072 bytes)
[    0.408517] TCP: Hash tables configured (established 8192 bind 8192)
[    0.409265] UDP hash table entries: 512 (order: 2, 16384 bytes)
[    0.409953] UDP-Lite hash table entries: 512 (order: 2, 16384 bytes)
[    0.410745] NET: Registered protocol family 1
[    0.411337] pci 0000:00:00.0: Limiting direct PCI/PCI transfers
[    0.412038] pci 0000:00:01.0: Activating ISA DMA hang workarounds
[    0.413526] Unpacking initramfs...
[    0.542730] Freeing initrd memory: 14888K
[    0.543403] clocksource: tsc: mask: 0xffffffffffffffff max_cycles: 0x398cac3bdaf, max_idle_ns: 881590646346 ns
[    0.544635] platform rtc_cmos: registered platform RTC device (no PNP device found)
[    0.545636] Scanning for low memory corruption every 60 seconds
[    0.546872] audit: initializing netlink subsys (disabled)
[    0.547590] audit: type=2000 audit(1716203752.199:1): initialized
[    0.548485] Initialise system trusted keyring
[    0.549139] HugeTLB registered 2 MB page size, pre-allocated 0 pages
[    0.550448] zbud: loaded
[    0.551634] VFS: Disk quotas dquot_6.6.0
[    0.552181] VFS: Dquot-cache hash table entries: 512 (order 0, 4096 bytes)
[    0.553083] squashfs: version 4.0 (2009/01/31) Phillip Lougher
[    0.553936] fuse init (API version 7.23)
[    0.554706] Key type big_key registered
[    0.555283] Allocating IMA MOK and blacklist keyrings.
[    0.556418] Key type asymmetric registered
[    0.556953] Asymmetric key parser 'x509' registered
[    0.557579] Block layer SCSI generic (bsg) driver version 0.4 loaded (major 249)
[    0.558574] io scheduler noop registered
[    0.559093] io scheduler deadline registered (default)
[    0.559765] io scheduler cfq registered
[    0.560315] pci_hotplug: PCI Hot Plug PCI Core version: 0.5
[    0.560982] pciehp: PCI Express Hot Plug Controller Driver version: 0.4
[    0.561833] ACPI: AC Adapter [AC] (on-line)
[    0.562413] input: Power Button as /devices/LNXSYSTM:00/LNXPWRBN:00/input/input0
[    0.563373] ACPI: Power Button [PWRF]
[    0.563905] input: Sleep Button as /devices/LNXSYSTM:00/LNXSLPBN:00/input/input1
[    0.565044] ACPI: Sleep Button [SLPF]
[    0.565794] GHES: HEST is not enabled!
[    0.566181] ACPI: Battery Slot [BAT0] (battery present)
[    0.567041] Serial: 8250/16550 driver, 32 ports, IRQ sharing enabled
[    0.588140] 00:02: ttyS0 at I/O 0x3f8 (irq = 4, base_baud = 115200) is a 16550A
[    0.590287] Linux agpgart interface v0.103
[    0.591973] loop: module loaded
[    0.592750] scsi host0: ata_piix
[    0.593288] scsi host1: ata_piix
[    0.593756] ata1: PATA max UDMA/33 cmd 0x1f0 ctl 0x3f6 bmdma 0xd000 irq 14
[    0.594529] ata2: PATA max UDMA/33 cmd 0x170 ctl 0x376 bmdma 0xd008 irq 15
[    0.595362] libphy: Fixed MDIO Bus: probed
[    0.595892] tun: Universal TUN/TAP device driver, 1.6
[    0.596496] tun: (C) 1999-2004 Max Krasnyansky <maxk@qualcomm.com>
[    0.597262] PPP generic driver version 2.4.2
[    0.597862] ehci_hcd: USB 2.0 'Enhanced' Host Controller (EHCI) Driver
[    0.598614] ehci-pci: EHCI PCI platform driver
[    0.599209] ehci-platform: EHCI generic platform driver
[    0.599857] ohci_hcd: USB 1.1 'Open' Host Controller (OHCI) Driver
[    0.600578] ohci-pci: OHCI PCI platform driver
[    0.601146] ohci-platform: OHCI generic platform driver
[    0.601792] uhci_hcd: USB Universal Host Controller Interface driver
[    0.602556] i8042: PNP: PS/2 Controller [PNP0303:PS2K,PNP0f03:PS2M] at 0x60,0x64 irq 1,12
[    0.604102] serio: i8042 KBD port at 0x60,0x64 irq 1
[    0.604856] serio: i8042 AUX port at 0x60,0x64 irq 12
[    0.605572] mousedev: PS/2 mouse device common for all mice
[    0.606582] input: AT Translated Set 2 keyboard as /devices/platform/i8042/serio0/input/input2
[    0.607917] rtc_cmos rtc_cmos: rtc core: registered rtc_cmos as rtc0
[    0.608687] rtc_cmos rtc_cmos: alarms up to one day, 114 bytes nvram
[    0.609438] i2c /dev entries driver
[    0.609944] device-mapper: uevent: version 1.0.3
[    0.610577] device-mapper: ioctl: 4.34.0-ioctl (2015-10-28) initialised: dm-devel@redhat.com
[    0.611665] ledtrig-cpu: registered to indicate activity on CPUs
[    0.612668] NET: Registered protocol family 10
[    0.613402] NET: Registered protocol family 17
[    0.613988] Key type dns_resolver registered
[    0.614772] registered taskstats version 1
[    0.615314] Loading compiled-in X.509 certificates
[    0.616228] Loaded X.509 cert 'Build time autogenerated kernel key: cf00e047681d67edb2720680708b7d9498083038'
[    0.617434] zswap: loaded using pool lzo/zbud
[    0.619347] Key type trusted registered
[    0.621517] Key type encrypted registered
[    0.622055] AppArmor: AppArmor sha1 policy hashing enabled
[    0.622703] ima: No TPM chip found, activating TPM-bypass!
[    0.623356] ima: Allocated hash algorithm: sha1
[    0.623948] evm: HMAC attrs: 0x1
[    0.624594]   Magic number: 8:382:277
[    0.625131] tty tty14: hash matches
[    0.625656] rtc_cmos rtc_cmos: setting system clock to 2024-05-20 11:15:48 UTC (1716203748)
[    0.626781] BIOS EDD facility v0.16 2004-Jun-25, 0 devices found
[    0.627512] EDD information not available.
[    0.777769] Freeing unused kernel memory: 1492K
[    0.778450] Write protecting the kernel read-only data: 14336k
[    0.779466] Freeing unused kernel memory: 1584K
[    0.780120] Freeing unused kernel memory: 52K
Loading, please wait...
starting version 229
[    0.787936] random: systemd-udevd: uninitialized urandom read (16 bytes read, 2 bits of entropy available)
[    0.788212] random: udevadm: uninitialized urandom read (16 bytes read, 2 bits of entropy available)
[    0.788224] random: udevadm: uninitialized urandom read (16 bytes read, 2 bits of entropy available)
[    0.791371] random: systemd-udevd: uninitialized urandom read (16 bytes read, 2 bits of entropy available)
[    0.792561] random: systemd-udevd: uninitialized urandom read (16 bytes read, 2 bits of entropy available)
[    0.793330] random: udevadm: uninitialized urandom read (16 bytes read, 2 bits of entropy available)
[    0.793364] random: udevadm: uninitialized urandom read (16 bytes read, 2 bits of entropy available)
[    0.793465] random: udevadm: uninitialized urandom read (16 bytes read, 2 bits of entropy available)
[    0.793497] random: udevadm: uninitialized urandom read (16 bytes read, 2 bits of entropy available)
[    0.793532] random: udevadm: uninitialized urandom read (16 bytes read, 2 bits of entropy available)
[    0.815396] e1000: Intel(R) PRO/1000 Network Driver - version 7.3.21-k8-NAPI
[    0.816242] e1000: Copyright (c) 1999-2006 Intel Corporation.
[    0.818894] Fusion MPT base driver 3.04.20
[    0.819483] Copyright (c) 1999-2008 LSI Corporation
[    0.822237] Fusion MPT SPI Host driver 3.04.20
[    0.832863] AVX2 version of gcm_enc/dec engaged.
[    0.833489] AES CTR mode by8 optimization enabled
[    1.042765] input: ImExPS/2 Generic Explorer Mouse as /devices/platform/i8042/serio1/input/input4
[    1.142880] e1000 0000:00:03.0 eth0: (PCI:33MHz:32-bit) 02:be:82:6b:cc:1d
[    1.143883] e1000 0000:00:03.0 eth0: Intel(R) PRO/1000 Network Connection
[    1.145433] mptbase: ioc0: Initiating bringup
[    1.145835] e1000 0000:00:03.0 enp0s3: renamed from eth0
[    1.219709] ioc0: LSI53C1030 A0: Capabilities={Initiator}
[    1.380639] scsi host2: ioc0: LSI53C1030 A0, FwRev=00000000h, Ports=1, MaxQ=256, IRQ=20
[    2.289240] scsi 2:0:0:0: Direct-Access     VBOX     HARDDISK         1.0  PQ: 0 ANSI: 5
[    2.290850] scsi target2:0:0: Beginning Domain Validation
[    2.292099] scsi target2:0:0: Domain Validation skipping write tests
[    2.293016] scsi target2:0:0: Ending Domain Validation
[    2.293813] scsi target2:0:0: asynchronous
[    2.294708] scsi 2:0:1:0: Direct-Access     VBOX     HARDDISK         1.0  PQ: 0 ANSI: 5
[    2.295984] scsi target2:0:1: Beginning Domain Validation
[    2.297534] scsi target2:0:1: Domain Validation skipping write tests
[    2.298430] scsi target2:0:1: Ending Domain Validation
[    2.299200] scsi target2:0:1: asynchronous
[    2.303423] sd 2:0:0:0: Attached scsi generic sg0 type 0
[    2.304235] sd 2:0:0:0: [sda] 83886080 512-byte logical blocks: (42.9 GB/40.0 GiB)
[    2.305576] sd 2:0:0:0: [sda] Write Protect is off
[    2.306384] sd 2:0:0:0: [sda] Incomplete mode parameter data
[    2.307192] sd 2:0:0:0: [sda] Assuming drive cache: write through
[    2.308021] sd 2:0:1:0: [sdb] 20480 512-byte logical blocks: (10.5 MB/10.0 MiB)
[    2.309012] sd 2:0:1:0: Attached scsi generic sg1 type 0
[    2.309750] sd 2:0:1:0: [sdb] Write Protect is off
[    2.310451] sd 2:0:1:0: [sdb] Incomplete mode parameter data
[    2.311128] sd 2:0:1:0: [sdb] Assuming drive cache: write through
[    2.317531]  sda: sda1
[    2.318823] sd 2:0:0:0: [sda] Attached SCSI disk
[    2.319953] sd 2:0:1:0: [sdb] Attached SCSI disk
Begin: Loading essential drivers ... [    3.566501] md: linear personality registered for level -1
[    3.568318] md: multipath personality registered for level -4
[    3.570042] md: raid0 personality registered for level 0
[    3.572485] md: raid1 personality registered for level 1
[    3.639139] raid6: sse2x1   gen()  8667 MB/s
[    3.707602] raid6: sse2x1   xor() 13782 MB/s
[    3.775092] raid6: sse2x2   gen() 16079 MB/s
[    3.843462] raid6: sse2x2   xor() 17967 MB/s
[    3.911408] raid6: sse2x4   gen() 22038 MB/s
[    3.979366] raid6: sse2x4   xor() 12444 MB/s
[    4.047321] raid6: avx2x1   gen() 19142 MB/s
[    4.115265] raid6: avx2x2   gen() 35016 MB/s
[    4.183209] raid6: avx2x4   gen() 37894 MB/s
[    4.183785] raid6: using algorithm avx2x4 gen() 37894 MB/s
[    4.184447] raid6: using avx2x2 recovery algorithm
[    4.185706] xor: automatically using best checksumming function:
[    4.223284]    avx       : 19833.000 MB/sec
[    4.224360] async_tx: api initialized (async)
[    4.228937] md: raid6 personality registered for level 6
[    4.229593] md: raid5 personality registered for level 5
[    4.230237] md: raid4 personality registered for level 4
[    4.233930] md: raid10 personality registered for level 10
done.
Begin: Running /scripts/init-premount ... done.
Begin: Mounting root file system ... Begin: Running /scripts/local-top ... done.
Begin: Running /scripts/local-premount ... [    4.251452] Btrfs loaded
Scanning for Btrfs filesystems
done.
Warning: fsck not present, so skipping root file system
[    4.295366] EXT4-fs (sda1): mounted filesystem with ordered data mode. Opts: (null)
done.
Begin: Running /scripts/local-bottom ... done.
Begin: Running /scripts/init-bottom ... done.
[    4.343561] systemd[1]: systemd 229 running in system mode. (+PAM +AUDIT +SELINUX +IMA +APPARMOR +SMACK +SYSVINIT +UTMP +LIBCRYPTSETUP +GCRYPT +GNUTLS +ACL +XZ -LZ4 +SECCOMP +BLKID +ELFUTILS +KMOD -IDN)
[    4.345600] systemd[1]: Detected virtualization oracle.
[    4.346246] systemd[1]: Detected architecture x86-64.

Welcome to [1mUbuntu 16.04.7 LTS[0m!

[    4.348463] systemd[1]: Set hostname to <ubuntu-xenial>.
[    4.412979] systemd[1]: Reached target User and Group Name Lookups.
[[0;32m  OK  [0m] Reached target User and Group Name Lookups.
[    4.414448] systemd[1]: Listening on /dev/initctl Compatibility Named Pipe.
[[0;32m  OK  [0m] Listening on /dev/initctl Compatibility Named Pipe.
[    4.415929] systemd[1]: Reached target Swap.
[[0;32m  OK  [0m] Reached target Swap.
[    4.417005] systemd[1]: Listening on Journal Audit Socket.
[[0;32m  OK  [0m] Listening on Journal Audit Socket.
[    4.418395] systemd[1]: Listening on Journal Socket.
[[0;32m  OK  [0m] Listening on Journal Socket.
[    4.419690] systemd[1]: Listening on LVM2 poll daemon socket.
[[0;32m  OK  [0m] Listening on LVM2 poll daemon socket.
[    4.421018] systemd[1]: Reached target Encrypted Volumes.
[[0;32m  OK  [0m] Reached target Encrypted Volumes.
[    4.422233] systemd[1]: Listening on Device-mapper event daemon FIFOs.
[[0;32m  OK  [0m] Listening on Device-mapper event daemon FIFOs.
[    4.423739] systemd[1]: Set up automount Arbitrary Executable File Formats File System Automount Point.
[[0;32m  OK  [0m] Set up automount Arbitrary Executab...ats File System Automount Point.
[    4.425651] systemd[1]: Listening on fsck to fsckd communication Socket.
[[0;32m  OK  [0m] Listening on fsck to fsckd communication Socket.
[    4.427112] systemd[1]: Started Trigger resolvconf update for networkd DNS.
[[0;32m  OK  [0m] Started Trigger resolvconf update for networkd DNS.
[    4.428759] systemd[1]: Created slice User and Session Slice.
[[0;32m  OK  [0m] Created slice User and Session Slice.
[    4.430060] systemd[1]: Listening on Syslog Socket.
[[0;32m  OK  [0m] Listening on Syslog Socket.
[    4.431225] systemd[1]: Listening on udev Control Socket.
[[0;32m  OK  [0m] Listening on udev Control Socket.
[    4.432450] systemd[1]: Listening on LVM2 metadata daemon socket.
[[0;32m  OK  [0m] Listening on LVM2 metadata daemon socket.
[    4.433789] systemd[1]: Started Forward Password Requests to Wall Directory Watch.
[[0;32m  OK  [0m] Started Forward Password Requests to Wall Directory Watch.
[    4.435584] systemd[1]: Created slice System Slice.
[[0;32m  OK  [0m] Created slice System Slice.
[    4.451431] systemd[1]: Mounting Huge Pages File System...
         Mounting Huge Pages File System...
[    4.453664] systemd[1]: Reached target Slices.
[[0;32m  OK  [0m] Reached target Slices.
[    4.455485] systemd[1]: Starting Uncomplicated firewall...
         Starting Uncomplicated firewall...
[    4.458615] systemd[1]: Created slice system-serial\x2dgetty.slice.
[[0;32m  OK  [0m] Created slice system-serial\x2dgetty.slice.
[    4.460635] systemd[1]: Starting File System Check on Root Device...
         Starting File System Check on Root Device...
[    4.462651] systemd[1]: Starting Create list of required static device nodes for the current kernel...
         Starting Create list of required st... nodes for the current kernel...
[    4.465259] systemd[1]: Starting Set console keymap...
         Starting Set console keymap...
[    4.467746] systemd[1]: Starting Nameserver information manager...
         Starting Nameserver information manager...
[    4.470796] systemd[1]: Mounting POSIX Message Queue File System...
         Mounting POSIX Message Queue File System...
[    4.472764] systemd[1]: Mounting Debug File System...
         Mounting Debug File System...
[    4.475664] systemd[1]: Starting Load Kernel Modules...
         Starting Load Kernel Modules...
[    4.476754] systemd[1]: Listening on udev Kernel Socket.
[[0;32m  OK  [0m] Listening on udev Kernel Socket.
[    4.477983] systemd[1]: Listening on Journal Socket (/dev/log).
[[0;32m  OK  [0m] Listening on Journal Socket (/dev/log).
[    4.479805] systemd[1]: Starting Journal Service...
         Starting Journal Service...
[    4.481017] systemd[1]: Reached target System Time Synchronized.
[[0;32m  OK  [0m] Reached target System Time Synchronized.
[    4.484134] systemd[1]: Starting Monitoring of LVM2 mirrors, snapshots etc. using dmeventd or progress polling...
         Starting Monitoring of LVM2 mirrors... dmeventd or progress polling...
[    4.487019] systemd[1]: Mounted Huge Pages File System.
[[0;32m  OK  [0m] Mounted Huge Pages File System.
[    4.488255] systemd[1]: Mounted POSIX Message Queue File System.
[[0;32m  OK  [0m] Mounted POSIX Message Queue File System.
[    4.489532] systemd[1]: Mounted Debug File System.
[[0;32m  OK  [0m] Mounted Debug File System.
[    4.490930] systemd[1]: Started Uncomplicated firewall.
[[0;32m  OK  [0m] Started Uncomplicated firewall.
[    4.493156] Loading iSCSI transport class v2.0-870.
[    4.494240] systemd[1]: Started File System Check on Root Device.
[[0;32m  OK  [0m] Started File System Check on Root Device.
[    4.495834] systemd[1]: Started Create list of required static device nodes for the current kernel.
[[0;32m  OK  [0m] Started Create list of required sta...ce nodes for the current kernel.
[    4.498835] systemd[1]: Started Nameserver information manager.
[[0;32m  OK  [0m] Started Nameserver information manager.
[    4.501211] systemd[1]: Started File System Check Daemon to report status.
[[0;32m  OK  [0m] Started File System Check Daemon to report status.
[    4.503730] systemd[1]: Starting Create Static Device Nodes in /dev...
         Starting Create Static Device Nodes in /dev...
[    4.506348] systemd[1]: Starting Remount Root and Kernel File Systems...
         Starting Remount Root and Kernel File Systems...
[    4.509133] EXT4-fs (sda1): re-mounted. Opts: (null)
[    4.510997] systemd[1]: Started Remount Root and Kernel File Systems.
[[0;32m  OK  [0m] Started Remount Root and Kernel File Systems.
[    4.513579] systemd[1]: Starting udev Coldplug all Devices...
         Starting udev Coldplug all Devices...
[    4.515100] systemd[1]: Starting Load/Save Random Seed...
         Starting Load/Save Random Seed...
[    4.520239] systemd[1]: Started Load/Save Random Seed.
[[0;32m  OK  [0m] Started Load/Save Random Seed.
[    4.531163] systemd[1]: Started LVM2 metadata daemon.
[[0;32m  OK  [0m] Started LVM2 metadata daemon.
[    4.532934] systemd[1]: Started Set console keymap.
[[0;32m  OK  [0m] Started Set console keymap.
[    4.534438] systemd[1]: Started Create Static Device Nodes in /dev.
[[0;32m  OK  [0m] Started Create Static Device Nodes in /dev.
[    4.536302] systemd[1]: Starting udev Kernel Device Manager...

    4.537179] iscsi: registered transport (tcp)
         Starting udev Kernel Device Manager...
[    4.540605] systemd[1]: Started Journal Service.
[[0;32m  OK  [0m] Started Journal Service.
         Starting Flush Journal to Persistent Storage...
[    4.550940] systemd-journald[396]: Received request to flush runtime journal from PID 1
[[0;32m  OK  [0m] Started Flush Journal to Persistent Storage.
[[0;32m  OK  [0m] Started udev Coldplug all Devices.
[[0;32m  OK  [0m] Started udev Kernel Device Manager.
[[0;32m  OK  [0m] Started Dispatch Password Requests to Console Directory Watch.
[    4.567670] iscsi: registered transport (iser)
[[0;32m  OK  [0m] Started Load Kernel Modules.
         Starting Apply Kernel Variables...
         Mounting FUSE Control File System...
[[0;32m  OK  [0m] Mounted FUSE Control File System.
[[0;32m  OK  [0m] Started Apply Kernel Variables.
[[0;32m  OK  [0m] Found device /dev/ttyS0.
[[0;32m  OK  [0m] Listening on Load/Save RF Kill Switch Status /dev/rfkill Watch.
[[0;32m  OK  [0m] Found device 82540EM Gigabit Ethern...r (PRO/1000 MT Desktop Adapter).
[[0;32m  OK  [0m] Started Monitoring of LVM2 mirrors,...ng dmeventd or progress polling.
[[0;32m  OK  [0m] Reached target Local File Systems (Pre).
[[0;32m  OK  [0m] Reached target Local File Systems.
         Starting Tell Plymouth To Write Out Runtime Data...
         Starting Set console font and keymap...
         Starting Create Volatile Files and Directories...
         Starting Initial cloud-init job (pre-networking)...
         Starting LSB: AppArmor initialization...
[[0;32m  OK  [0m] Started Create Volatile Files and Directories.
         Starting Update UTMP about System Boot/Shutdown...
[[0;32m  OK  [0m] Started Tell Plymouth To Write Out Runtime Data.
[[0;32m  OK  [0m] Started Update UTMP about System Boot/Shutdown.
[[0;32m  OK  [0m] Started LSB: AppArmor initialization.
         Starting Load AppArmor profiles managed internally by snapd...
[[0;32m  OK  [0m] Started Load AppArmor profiles managed internally by snapd.
[[0;32m  OK  [0m] Started Set console font and keymap.
[[0;32m  OK  [0m] Created slice system-getty.slice.
[    5.397587] cloud-init[617]: Cloud-init v. 21.1-19-gbad84ad4-0ubuntu1~16.04.2 running 'init-local' at Mon, 20 May 2024 11:15:53 +0000. Up 5.25 seconds.
[[0;32m  OK  [0m] Started Initial cloud-init job (pre-networking).
[[0;32m  OK  [0m] Reached target Network (Pre).
[[0;32m  OK  [0m] Started ifup for enp0s3.
         Starting Raise network interfaces...
[[0;32m  OK  [0m] Started Raise network interfaces.
[[0;32m  OK  [0m] Reached target Network.
         Starting Initial cloud-init job (metadata service crawler)...
[    5.925961] cloud-init[973]: Cloud-init v. 21.1-19-gbad84ad4-0ubuntu1~16.04.2 running 'init' at Mon, 20 May 2024 11:15:53 +0000. Up 5.76 seconds.
[    5.927356] cloud-init[973]: ci-info: ++++++++++++++++++++++++++++++++++++++Net device info++++++++++++++++++++++++++++++++++++++
[    5.928405] cloud-init[973]: ci-info: +--------+------+----------------------------+---------------+--------+-------------------+
[    5.929426] cloud-init[973]: ci-info: | Device |  Up  |          Address           |      Mask     | Scope  |     Hw-Address    |
[    5.930438] cloud-init[973]: ci-info: +--------+------+----------------------------+---------------+--------+-------------------+
[    5.931718] cloud-init[973]: ci-info: | enp0s3 | True |         10.0.2.15          | 255.255.255.0 | global | 02:be:82:6b:cc:1d |
[    5.932745] cloud-init[973]: ci-info: | enp0s3 | True | fe80::be:82ff:fe6b:cc1d/64 |       .       |  link  | 02:be:82:6b:cc:1d |
[    5.933753] cloud-init[973]: ci-info: |   lo   | True |         127.0.0.1          |   255.0.0.0   |  host  |         .         |
[    5.934772] cloud-init[973]: ci-info: |   lo   | True |          ::1/128           |       .       |  host  |         .         |
[    5.935786] cloud-init[973]: ci-info: +--------+------+----------------------------+---------------+--------+-------------------+
[    5.936806] cloud-init[973]: ci-info: +++++++++++++++++++++++++++Route IPv4 info++++++++++++++++++++++++++++
[    5.937702] cloud-init[973]: ci-info: +-------+-------------+----------+---------------+-----------+-------+
[    5.938873] cloud-init[973]: ci-info: | Route | Destination | Gateway  |    Genmask    | Interface | Flags |
[    5.939808] cloud-init[973]: ci-info: +-------+-------------+----------+---------------+-----------+-------+
[    5.940743] cloud-init[973]: ci-info: |   0   |   0.0.0.0   | 10.0.2.2 |    0.0.0.0    |   enp0s3  |   UG  |
[    5.941653] cloud-init[973]: ci-info: |   1   |   10.0.2.0  | 0.0.0.0  | 255.255.255.0 |   enp0s3  |   U   |
[    5.942559] cloud-init[973]: ci-info: +-------+-------------+----------+---------------+-----------+-------+
[    5.943470] cloud-init[973]: ci-info: +++++++++++++++++++Route IPv6 info+++++++++++++++++++
[    5.944280] cloud-init[973]: ci-info: +-------+-------------+---------+-----------+-------+
[    5.945092] cloud-init[973]: ci-info: | Route | Destination | Gateway | Interface | Flags |
[    5.945927] cloud-init[973]: ci-info: +-------+-------------+---------+-----------+-------+
[    5.946736] cloud-init[973]: ci-info: |   0   |  fe80::/64  |    ::   |   enp0s3  |   U   |
[    5.947559] cloud-init[973]: ci-info: |   3   |   ff00::/8  |    ::   |   enp0s3  |   U   |
[    5.948372] cloud-init[973]: ci-info: +-------+-------------+---------+-----------+-------+
[[0;32m  OK  [0m] Started Initial cloud-init job (metadata service crawler).
[[0;32m  OK  [0m] Reached target Cloud-config availability.
[[0;32m  OK  [0m] Reached target System Initialization.
[[0;32m  OK  [0m] Listening on ACPID Listen Socket.
[[0;32m  OK  [0m] Listening on D-Bus System Message Bus Socket.
[[0;32m  OK  [0m] Started ACPI Events Check.
[[0;32m  OK  [0m] Reached target Paths.
         Starting Socket activation for snappy daemon.
[[0;32m  OK  [0m] Started Daily apt download activities.
[[0;32m  OK  [0m] Started Daily Cleanup of Temporary Directories.
[[0;32m  OK  [0m] Listening on UUID daemon activation socket.
[[0;32m  OK  [0m] Started Message of the Day.
         Starting LXD - unix socket.
[[0;32m  OK  [0m] Started Daily apt upgrade and clean activities.
[[0;32m  OK  [0m] Started Ubuntu Advantage update messaging.
[[0;32m  OK  [0m] Reached target Timers.
[[0;32m  OK  [0m] Reached target Network is Online.
         Starting iSCSI initiator daemon (iscsid)...
[[0;32m  OK  [0m] Listening on Socket activation for snappy daemon.
[[0;32m  OK  [0m] Listening on LXD - unix socket.
[[0;32m  OK  [0m] Reached target Sockets.
[[0;32m  OK  [0m] Reached target Basic System.
         Starting LSB: Record successful boot for GRUB...
         Starting Virtualbox guest utils...
         Starting System Logging Service...
[[0;32m  OK  [0m] Started D-Bus System Message Bus.
         Starting LXD - container startup/shutdown...
         Starting MySQL Community Server...
[[0;32m  OK  [0m] Started Deferred execution scheduler.
         Starting LSB: MD monitoring daemon...
         Starting /etc/rc.local Compatibility...
[[0;32m  OK  [0m] Started Regular background program processing daemon.
[[0;32m  OK  [0m] Started ACPI event daemon.
         Starting Login Service...
         Starting Accounts Service...
[[0;32m  OK  [0m] Started FUSE filesystem for LXC.
         Starting Pollinate to seed the pseudo random number generator...
         Starting Snap Daemon...
[[0;32m  OK  [0m] Started System Logging Service.
[[0;32m  OK  [0m] Started iSCSI initiator daemon (iscsid).
[[0;32m  OK  [0m] Started /etc/rc.local Compatibility.
         Starting Login to default iSCSI targets...
[[0;32m  OK  [0m] Started Login to default iSCSI targets.
[[0;32m  OK  [0m] Reached target Remote File Systems (Pre).
         Mounting /vagrant...
[[0;1;31mFAILED[0m] Failed to mount /vagrant.
See 'systemctl status vagrant.mount' for details.
[[0;1;33mDEPEND[0m] Dependency failed for Remote File Systems.
         Starting LSB: daemon to balance interrupts for SMP systems...
         Starting LSB: automatic crash report generation...
         Starting LSB: Set the CPU Frequency Scaling governor to "ondemand"...
         Starting Permit User Sessions...
[[0;32m  OK  [0m] Started LSB: MD monitoring daemon.
[[0;32m  OK  [0m] Started LSB: daemon to balance interrupts for SMP systems.
[[0;32m  OK  [0m] Started LSB: Set the CPU Frequency Scaling governor to "ondemand".
[[0;32m  OK  [0m] Started Permit User Sessions.
[[0;32m  OK  [0m] Started Login Service.
[[0;32m  OK  [0m] Started Unattended Upgrades Shutdown.
         Starting Terminate Plymouth Boot Screen...
         Starting Hold until boot process finishes up...
[[0;32m  OK  [0m] Started LSB: Record successful boot for GRUB.
[[0;32m  OK  [0m] Started Hold until boot process finishes up.
         Starting Authenticate and Authorize Users to Run Privileged Tasks...
[[0;32m  OK  [0m] Started Serial Getty on ttyS0.
[[0;32m  OK  [0m] Started Getty on tty1.
[[0;32m  OK  [0m] Reached target Login Prompts.
         Starting Set console scheme...
[[0;32m  OK  [0m] Started Terminate Plymouth Boot Screen.
[[0;32m  OK  [0m] Started LSB: automatic crash report generation.
[[0;32m  OK  [0m] Started Virtualbox guest utils.
[[0;32m  OK  [0m] Started Set console scheme.
[[0;32m  OK  [0m] Started Authenticate and Authorize Users to Run Privileged Tasks.
[[0;32m  OK  [0m] Started Accounts Service.
[[0;32m  OK  [0m] Started LXD - container startup/shutdown.
[[0;32m  OK  [0m] Started Snap Daemon.
         Starting Wait until snapd is fully seeded...
[[0;32m  OK  [0m] Started Wait until snapd is fully seeded.
         Starting Apply the settings specified in cloud-config...
[    6.736394] cloud-init[1278]: Cloud-init v. 21.1-19-gbad84ad4-0ubuntu1~16.04.2 running 'modules:config' at Mon, 20 May 2024 11:15:54 +0000. Up 6.66 seconds.
[[0;32m  OK  [0m] Started Apply the settings specified in cloud-config.
[[0;32m  OK  [0m] Started MySQL Community Server.

Ubuntu 16.04.7 LTS ubuntu-xenial ttyS0

ubuntu-xenial login: [   17.047774] cloud-init[1324]: Cloud-init v. 21.1-19-gbad84ad4-0ubuntu1~16.04.2 running 'modules:final' at Mon, 20 May 2024 11:16:04 +0000. Up 16.97 seconds.
[   17.047984] cloud-init[1324]: Cloud-init v. 21.1-19-gbad84ad4-0ubuntu1~16.04.2 finished at Mon, 20 May 2024 11:16:05 +0000. Datasource DataSourceNoCloud [seed=/dev/sdb][dsmode=net].  Up 17.04 seconds
[[0;32m  OK  [0m] Stopped target Graphical Interface.
         Stopping Authenticate and Authorize Users to Run Privileged Tasks...
         Stopping Session 5 of user vagrant.
[[0;32m  OK  [0m] Stopped target Timers.
[[0;32m  OK  [0m] Stopped Ubuntu Advantage update messaging.
[[0;32m  OK  [0m] Stopped Message of the Day.
[[0;32m  OK  [0m] Stopped Daily Cleanup of Temporary Directories.
         Stopping Accounts Service...
         Stopping User Manager for UID 1000...
         Stopping ACPI event daemon...
         Unmounting /vagrant...
[[0;32m  OK  [0m] Stopped Daily apt upgrade and clean activities.
[[0;32m  OK  [0m] Stopped Daily apt download activities.
[[0;32m  OK  [0m] Stopped target System Time Synchronized.
[[0;32m  OK  [0m] Closed Load/Save RF Kill Switch Status /dev/rfkill Watch.
[[0;32m  OK  [0m] Stopped target Cloud-init target.
[[0;32m  OK  [0m] Stopped Execute cloud user/final scripts.
[[0;32m  OK  [0m] Stopped Apply the settings specified in cloud-config.
[[0;32m  OK  [0m] Stopped target Cloud-config availability.
[[0;32m  OK  [0m] Stopped target Multi-User System.
         Stopping Deferred execution scheduler...
         Stopping System Logging Service...
         Stopping LSB: daemon to balance interrupts for SMP systems...
         Stopping D-Bus System Message Bus...
         Stopping FUSE filesystem for LXC...
         Stopping LSB: MD monitoring daemon...
         Stopping LSB: Record successful boot for GRUB...
         Stopping Regular background program processing daemon...
         Stopping LSB: automatic crash report generation...
[[0;32m  OK  [0m] Stopped Wait until snapd is fully seeded.
[[0;32m  OK  [0m] Stopped target Login Prompts.
         Stopping Serial Getty on ttyS0...
         Stopping MySQL Community Server...
         Stopping LXD - container startup/shutdown...
         Stopping LSB: Set the CPU Frequency Scaling governor to "ondemand"...
         Stopping OpenBSD Secure Shell server...
         Stopping Virtualbox guest utils...
         Stopping Getty on tty1...
[[0;32m  OK  [0m] Unmounted /var/lib/lxcfs.
[[0;32m  OK  [0m] Stopped System Logging Service.
[[0;32m  OK  [0m] Stopped Deferred execution scheduler.
[[0;32m  OK  [0m] Stopped Regular background program processing daemon.
[[0;32m  OK  [0m] Stopped Accounts Service.
[[0;32m  OK  [0m] Stopped Authenticate and Authorize Users to Run Privileged Tasks.
[[0;32m  OK  [0m] Stopped Serial Getty on ttyS0.
[[0;32m  OK  [0m] Stopped Getty on tty1.
[[0;32m  OK  [0m] Stopped OpenBSD Secure Shell server.
[[0;32m  OK  [0m] Stopped User Manager for UID 1000.
[[0;32m  OK  [0m] Stopped Session 5 of user vagrant.
[[0;32m  OK  [0m] Unmounted /vagrant.
[[0;32m  OK  [0m] Stopped D-Bus System Message Bus.
[[0;32m  OK  [0m] Stopped FUSE filesystem for LXC.
[[0;32m  OK  [0m] Stopped ACPI event daemon.
[[0;32m  OK  [0m] Stopped LSB: daemon to balance interrupts for SMP systems.
[[0;32m  OK  [0m] Stopped LSB: MD monitoring daemon.
[[0;32m  OK  [0m] Stopped LSB: Record successful boot for GRUB.
[[0;32m  OK  [0m] Stopped LSB: automatic crash report generation.
[[0;32m  OK  [0m] Stopped LXD - container startup/shutdown.
[[0;32m  OK  [0m] Stopped target Remote File Systems (Pre).
         Stopping Login to default iSCSI targets...
[[0;32m  OK  [0m] Removed slice User Slice of vagrant.
         Stopping Login Service...
[[0;32m  OK  [0m] Removed slice system-getty.slice.
[[0;32m  OK  [0m] Removed slice system-serial\x2dgetty.slice.
         Stopping Permit User Sessions...
[[0;32m  OK  [0m] Stopped /etc/rc.local Compatibility.
[[0;32m  OK  [0m] Stopped LSB: Set the CPU Frequency Scaling governor to "ondemand".
[[0;32m  OK  [0m] Stopped Virtualbox guest utils.
[[0;32m  OK  [0m] Stopped Permit User Sessions.
[[0;32m  OK  [0m] Stopped Login to default iSCSI targets.
         Stopping iSCSI initiator daemon (iscsid)...
[[0;32m  OK  [0m] Stopped iSCSI initiator daemon (iscsid).
[[0;32m  OK  [0m] Stopped target Network is Online.
[[0;32m  OK  [0m] Stopped Login Service.
[[0;32m  OK  [0m] Stopped target User and Group Name Lookups.
[[0;32m  OK  [0m] Stopped MySQL Community Server.
[[0;32m  OK  [0m] Stopped target Basic System.
[[0;32m  OK  [0m] Stopped target Paths.
[[0;32m  OK  [0m] Stopped Dispatch Password Requests to Console Directory Watch.
[[0;32m  OK  [0m] Stopped Forward Password Requests to Wall Directory Watch.
[[0;32m  OK  [0m] Stopped ACPI Events Check.
[[0;32m  OK  [0m] Stopped target Slices.
[[0;32m  OK  [0m] Removed slice User and Session Slice.
[[0;32m  OK  [0m] Stopped target Sockets.
[[0;32m  OK  [0m] Closed LXD - unix socket.
[[0;32m  OK  [0m] Closed Syslog Socket.
[[0;32m  OK  [0m] Closed D-Bus System Message Bus Socket.
[[0;32m  OK  [0m] Closed UUID daemon activation socket.
[[0;32m  OK  [0m] Closed Socket activation for snappy daemon.
[[0;32m  OK  [0m] Closed ACPID Listen Socket.
[[0;32m  OK  [0m] Stopped target System Initialization.
[[0;32m  OK  [0m] Stopped target Encrypted Volumes.
[[0;32m  OK  [0m] Stopped Initial cloud-init job (metadata service crawler).
         Stopping Load/Save Random Seed...
         Stopping Update UTMP about System Boot/Shutdown...
[[0;32m  OK  [0m] Stopped target Swap.
[[0;32m  OK  [0m] Stopped target Network.
         Stopping Raise network interfaces...
[[0;32m  OK  [0m] Stopped Load/Save Random Seed.
[[0;32m  OK  [0m] Stopped Update UTMP about System Boot/Shutdown.
[[0;32m  OK  [0m] Stopped Create Volatile Files and Directories.
[[0;32m  OK  [0m] Stopped Raise network interfaces.
[[0;32m  OK  [0m] Stopped target Local File Systems.
         Unmounting /run/user/1000...
[[0;32m  OK  [0m] Stopped target Network (Pre).
[[0;32m  OK  [0m] Stopped Initial cloud-init job (pre-networking).
[[0;32m  OK  [0m] Stopped Apply Kernel Variables.
[[0;32m  OK  [0m] Stopped Load Kernel Modules.
[[0;32m  OK  [0m] Unmounted /run/user/1000.
[[0;32m  OK  [0m] Reached target Unmount All Filesystems.
[[0;32m  OK  [0m] Stopped target Local File Systems (Pre).
         Stopping Monitoring of LVM2 mirrors... dmeventd or progress polling...
[[0;32m  OK  [0m] Stopped Remount Root and Kernel File Systems.
[[0;32m  OK  [0m] Stopped Create Static Device Nodes in /dev.
[[0;32m  OK  [0m] Reached target Shutdown.
[  119.399288] reboot: Power down
